CRITICAL - 2023-05-20 21:45:04 --> session_start(): Failed to decode session object. Session has been destroyed
in SYSTEMPATH\Session\Session.php on line 896.
 1 [internal function]: CodeIgniter\Debug\Exceptions->errorHandler(2, 'session_start(): Failed to decode session object. Session has been destroyed', 'SYSTEMPATH\\Session\\Session.php', 896)
 2 SYSTEMPATH\Session\Session.php(896): session_start()
 3 SYSTEMPATH\Session\Session.php(240): CodeIgniter\Session\Session->startSession()
 4 SYSTEMPATH\Config\Services.php(613): CodeIgniter\Session\Session->start()
 5 SYSTEMPATH\Config\BaseService.php(251): CodeIgniter\Config\Services::session(Object(Config\App), false)
 6 SYSTEMPATH\Config\BaseService.php(192): CodeIgniter\Config\BaseService::__callStatic('session', [...])
 7 SYSTEMPATH\Config\Services.php(585): CodeIgniter\Config\BaseService::getSharedInstance('session', null)
 8 SYSTEMPATH\Config\BaseService.php(251): CodeIgniter\Config\Services::session()
 9 SYSTEMPATH\Common.php(932): CodeIgniter\Config\BaseService::__callStatic('session', [])
10 APPPATH\Filters\Authenticated.php(28): session()
11 SYSTEMPATH\Filters\Filters.php(173): App\Filters\Authenticated->before(Object(CodeIgniter\HTTP\IncomingRequest), null)
12 SYSTEMPATH\CodeIgniter.php(440): CodeIgniter\Filters\Filters->run('D:\\', 'before')
13 SYSTEMPATH\CodeIgniter.php(349): CodeIgniter\CodeIgniter->handleRequest(null, Object(Config\Cache), false)
14 FCPATH\index.php(55): CodeIgniter\CodeIgniter->run()
CRITICAL - 2023-05-20 23:29:37 --> fopen(http://localhost/admin_bengkel_ci4/assets/img/index.html): Failed to open stream: HTTP wrapper does not support writeable connections
in SYSTEMPATH\HTTP\Files\UploadedFile.php on line 179.
 1 [internal function]: CodeIgniter\Debug\Exceptions->errorHandler(2, 'fopen(http://localhost/admin_bengkel_ci4/assets/img/index.html): Failed to open stream: HTTP wrapper does not support writeable connections', 'SYSTEMPATH\\HTTP\\Files\\UploadedFile.php', 179)
 2 SYSTEMPATH\HTTP\Files\UploadedFile.php(179): fopen('http://localhost/admin_bengkel_ci4/assets/img/index.html', 'x+b')
 3 SYSTEMPATH\HTTP\Files\UploadedFile.php(130): CodeIgniter\HTTP\Files\UploadedFile->setPath('http://localhost/admin_bengkel_ci4/assets/img/')
 4 APPPATH\Controllers\Main.php(129): CodeIgniter\HTTP\Files\UploadedFile->move('http://localhost/admin_bengkel_ci4/assets/img/', '1684596577_1e8ccab4de5764a3d1d3.png')
 5 SYSTEMPATH\CodeIgniter.php(896): App\Controllers\Main->product_add('$1')
 6 SYSTEMPATH\CodeIgniter.php(466): CodeIgniter\CodeIgniter->runController(Object(App\Controllers\Main))
 7 SYSTEMPATH\CodeIgniter.php(349): CodeIgniter\CodeIgniter->handleRequest(null, Object(Config\Cache), false)
 8 FCPATH\index.php(55): CodeIgniter\CodeIgniter->run()
CRITICAL - 2023-05-20 23:29:57 --> fopen(http://localhost/admin_bengkel_ci4/assets/img/index.html): Failed to open stream: HTTP wrapper does not support writeable connections
in SYSTEMPATH\HTTP\Files\UploadedFile.php on line 179.
 1 [internal function]: CodeIgniter\Debug\Exceptions->errorHandler(2, 'fopen(http://localhost/admin_bengkel_ci4/assets/img/index.html): Failed to open stream: HTTP wrapper does not support writeable connections', 'SYSTEMPATH\\HTTP\\Files\\UploadedFile.php', 179)
 2 SYSTEMPATH\HTTP\Files\UploadedFile.php(179): fopen('http://localhost/admin_bengkel_ci4/assets/img/index.html', 'x+b')
 3 SYSTEMPATH\HTTP\Files\UploadedFile.php(130): CodeIgniter\HTTP\Files\UploadedFile->setPath('http://localhost/admin_bengkel_ci4/assets/img/')
 4 APPPATH\Controllers\Main.php(129): CodeIgniter\HTTP\Files\UploadedFile->move('http://localhost/admin_bengkel_ci4/assets/img/', '1684596597_730a4726e9268d5fcdb5.png')
 5 SYSTEMPATH\CodeIgniter.php(896): App\Controllers\Main->product_add('$1')
 6 SYSTEMPATH\CodeIgniter.php(466): CodeIgniter\CodeIgniter->runController(Object(App\Controllers\Main))
 7 SYSTEMPATH\CodeIgniter.php(349): CodeIgniter\CodeIgniter->handleRequest(null, Object(Config\Cache), false)
 8 FCPATH\index.php(55): CodeIgniter\CodeIgniter->run()
CRITICAL - 2023-05-20 23:43:48 --> Undefined array key "images"
in APPPATH\Views\pages\products\list.php on line 40.
 1 APPPATH\Views\pages\products\list.php(40): CodeIgniter\Debug\Exceptions->errorHandler(2, 'Undefined array key "images"', 'APPPATH\\Views\\pages\\products\\list.php', 40)
 2 SYSTEMPATH\View\View.php(213): include('APPPATH\\Views\\pages\\products\\list.php')
 3 SYSTEMPATH\View\View.php(216): CodeIgniter\View\View->CodeIgniter\View\{closure}()
 4 SYSTEMPATH\Common.php(1135): CodeIgniter\View\View->render('pages/products/list', [], true)
 5 APPPATH\Controllers\Main.php(123): view('pages/products/list', [...])
 6 SYSTEMPATH\CodeIgniter.php(896): App\Controllers\Main->products()
 7 SYSTEMPATH\CodeIgniter.php(466): CodeIgniter\CodeIgniter->runController(Object(App\Controllers\Main))
 8 SYSTEMPATH\CodeIgniter.php(349): CodeIgniter\CodeIgniter->handleRequest(null, Object(Config\Cache), false)
 9 FCPATH\index.php(55): CodeIgniter\CodeIgniter->run()
