CRITICAL - 2023-05-21 00:31:31 --> The original file is not a valid file.
in SYSTEMPATH\HTTP\Files\UploadedFile.php on line 137.
 1 SYSTEMPATH\HTTP\Files\UploadedFile.php(137): CodeIgniter\HTTP\Exceptions\HTTPException::forInvalidFile()
 2 APPPATH\Controllers\Main.php(171): CodeIgniter\HTTP\Files\UploadedFile->move('FCPATH\\assets\\img', '1684600291_fe55c45effde7df26862')
 3 SYSTEMPATH\CodeIgniter.php(896): App\Controllers\Main->product_edit('1')
 4 SYSTEMPATH\CodeIgniter.php(466): CodeIgniter\CodeIgniter->runController(Object(App\Controllers\Main))
 5 SYSTEMPATH\CodeIgniter.php(349): CodeIgniter\CodeIgniter->handleRequest(null, Object(Config\Cache), false)
 6 FCPATH\index.php(55): CodeIgniter\CodeIgniter->run()
CRITICAL - 2023-05-21 00:42:47 --> The original file is not a valid file.
in SYSTEMPATH\HTTP\Files\UploadedFile.php on line 137.
 1 SYSTEMPATH\HTTP\Files\UploadedFile.php(137): CodeIgniter\HTTP\Exceptions\HTTPException::forInvalidFile()
 2 APPPATH\Controllers\Main.php(171): CodeIgniter\HTTP\Files\UploadedFile->move('FCPATH\\assets\\img', '1684600967_c3b9c43789e129fe4e2b')
 3 SYSTEMPATH\CodeIgniter.php(896): App\Controllers\Main->product_edit('1')
 4 SYSTEMPATH\CodeIgniter.php(466): CodeIgniter\CodeIgniter->runController(Object(App\Controllers\Main))
 5 SYSTEMPATH\CodeIgniter.php(349): CodeIgniter\CodeIgniter->handleRequest(null, Object(Config\Cache), false)
 6 FCPATH\index.php(55): CodeIgniter\CodeIgniter->run()
CRITICAL - 2023-05-21 00:42:56 --> The original file is not a valid file.
in SYSTEMPATH\HTTP\Files\UploadedFile.php on line 137.
 1 SYSTEMPATH\HTTP\Files\UploadedFile.php(137): CodeIgniter\HTTP\Exceptions\HTTPException::forInvalidFile()
 2 APPPATH\Controllers\Main.php(171): CodeIgniter\HTTP\Files\UploadedFile->move('FCPATH\\assets\\img', '1684600976_ae00740d0481224ac310')
 3 SYSTEMPATH\CodeIgniter.php(896): App\Controllers\Main->product_edit('1')
 4 SYSTEMPATH\CodeIgniter.php(466): CodeIgniter\CodeIgniter->runController(Object(App\Controllers\Main))
 5 SYSTEMPATH\CodeIgniter.php(349): CodeIgniter\CodeIgniter->handleRequest(null, Object(Config\Cache), false)
 6 FCPATH\index.php(55): CodeIgniter\CodeIgniter->run()
CRITICAL - 2023-05-21 00:43:11 --> The original file is not a valid file.
in SYSTEMPATH\HTTP\Files\UploadedFile.php on line 137.
 1 SYSTEMPATH\HTTP\Files\UploadedFile.php(137): CodeIgniter\HTTP\Exceptions\HTTPException::forInvalidFile()
 2 APPPATH\Controllers\Main.php(171): CodeIgniter\HTTP\Files\UploadedFile->move('FCPATH\\assets\\img', '1684600991_97dfaf36e45c10912afb')
 3 SYSTEMPATH\CodeIgniter.php(896): App\Controllers\Main->product_edit('1')
 4 SYSTEMPATH\CodeIgniter.php(466): CodeIgniter\CodeIgniter->runController(Object(App\Controllers\Main))
 5 SYSTEMPATH\CodeIgniter.php(349): CodeIgniter\CodeIgniter->handleRequest(null, Object(Config\Cache), false)
 6 FCPATH\index.php(55): CodeIgniter\CodeIgniter->run()
CRITICAL - 2023-05-21 00:48:29 --> unlink(): Argument #2 ($context) must be of type resource or null, string given
in APPPATH\Controllers\Main.php on line 170.
 1 APPPATH\Controllers\Main.php(170): unlink('FCPATH\\assets\\img', '1684597010_47a4ac490fe7757d0272.png')
 2 SYSTEMPATH\CodeIgniter.php(896): App\Controllers\Main->product_edit('1')
 3 SYSTEMPATH\CodeIgniter.php(466): CodeIgniter\CodeIgniter->runController(Object(App\Controllers\Main))
 4 SYSTEMPATH\CodeIgniter.php(349): CodeIgniter\CodeIgniter->handleRequest(null, Object(Config\Cache), false)
 5 FCPATH\index.php(55): CodeIgniter\CodeIgniter->run()
CRITICAL - 2023-05-21 00:49:55 --> unlink(D:\xampp\htdocs\admin_bengkel_ci4\/assets/img/1684597010_47a4ac490fe7757d0272.png): No such file or directory
in APPPATH\Controllers\Main.php on line 170.
 1 [internal function]: CodeIgniter\Debug\Exceptions->errorHandler(2, 'unlink(D:\\xampp\\htdocs\\admin_bengkel_ci4\\/assets/img/1684597010_47a4ac490fe7757d0272.png): No such file or directory', 'APPPATH\\Controllers\\Main.php', 170)
 2 APPPATH\Controllers\Main.php(170): unlink('FCPATH\\/assets/img/1684597010_47a4ac490fe7757d0272.png')
 3 SYSTEMPATH\CodeIgniter.php(896): App\Controllers\Main->product_edit('2')
 4 SYSTEMPATH\CodeIgniter.php(466): CodeIgniter\CodeIgniter->runController(Object(App\Controllers\Main))
 5 SYSTEMPATH\CodeIgniter.php(349): CodeIgniter\CodeIgniter->handleRequest(null, Object(Config\Cache), false)
 6 FCPATH\index.php(55): CodeIgniter\CodeIgniter->run()
CRITICAL - 2023-05-21 00:51:05 --> unlink(D:\xampp\htdocs\admin_bengkel_ci4\/assets/img/): Is a directory
in APPPATH\Controllers\Main.php on line 170.
 1 [internal function]: CodeIgniter\Debug\Exceptions->errorHandler(2, 'unlink(D:\\xampp\\htdocs\\admin_bengkel_ci4\\/assets/img/): Is a directory', 'APPPATH\\Controllers\\Main.php', 170)
 2 APPPATH\Controllers\Main.php(170): unlink('FCPATH\\assets\\img')
 3 SYSTEMPATH\CodeIgniter.php(896): App\Controllers\Main->product_edit('2')
 4 SYSTEMPATH\CodeIgniter.php(466): CodeIgniter\CodeIgniter->runController(Object(App\Controllers\Main))
 5 SYSTEMPATH\CodeIgniter.php(349): CodeIgniter\CodeIgniter->handleRequest(null, Object(Config\Cache), false)
 6 FCPATH\index.php(55): CodeIgniter\CodeIgniter->run()
CRITICAL - 2023-05-21 00:52:10 --> unlink(D:\xampp\htdocs\admin_bengkel_ci4\/assets/img/): Is a directory
in APPPATH\Controllers\Main.php on line 171.
 1 [internal function]: CodeIgniter\Debug\Exceptions->errorHandler(2, 'unlink(D:\\xampp\\htdocs\\admin_bengkel_ci4\\/assets/img/): Is a directory', 'APPPATH\\Controllers\\Main.php', 171)
 2 APPPATH\Controllers\Main.php(171): unlink('FCPATH\\assets\\img')
 3 SYSTEMPATH\CodeIgniter.php(896): App\Controllers\Main->product_edit('2')
 4 SYSTEMPATH\CodeIgniter.php(466): CodeIgniter\CodeIgniter->runController(Object(App\Controllers\Main))
 5 SYSTEMPATH\CodeIgniter.php(349): CodeIgniter\CodeIgniter->handleRequest(null, Object(Config\Cache), false)
 6 FCPATH\index.php(55): CodeIgniter\CodeIgniter->run()
CRITICAL - 2023-05-21 00:52:23 --> unlink(D:\xampp\htdocs\admin_bengkel_ci4\/assets/img/): Is a directory
in APPPATH\Controllers\Main.php on line 171.
 1 [internal function]: CodeIgniter\Debug\Exceptions->errorHandler(2, 'unlink(D:\\xampp\\htdocs\\admin_bengkel_ci4\\/assets/img/): Is a directory', 'APPPATH\\Controllers\\Main.php', 171)
 2 APPPATH\Controllers\Main.php(171): unlink('FCPATH\\assets\\img')
 3 SYSTEMPATH\CodeIgniter.php(896): App\Controllers\Main->product_edit('1')
 4 SYSTEMPATH\CodeIgniter.php(466): CodeIgniter\CodeIgniter->runController(Object(App\Controllers\Main))
 5 SYSTEMPATH\CodeIgniter.php(349): CodeIgniter\CodeIgniter->handleRequest(null, Object(Config\Cache), false)
 6 FCPATH\index.php(55): CodeIgniter\CodeIgniter->run()
